<?xml version="1.0" encoding="UTF-8"?>
<coverage generated="1666881611983" clover="3.2.0">
  <project timestamp="1666881611983" name="All files">
    <metrics statements="149" coveredstatements="76" conditionals="66" coveredconditionals="32" methods="75" coveredmethods="35" elements="290" coveredelements="143" complexity="0" loc="149" ncloc="149" packages="3" files="12" classes="12"/>
    <package name="src">
      <metrics statements="3" coveredstatements="2" conditionals="4" coveredconditionals="2" methods="2" coveredmethods="1"/>
      <file name="App.tsx" path="/Users/gavinying/Quizzer/quizzer_start/src/App.tsx">
        <metrics statements="3" coveredstatements="2" conditionals="4" coveredconditionals="2" methods="2" coveredmethods="1"/>
        <line num="8" count="1" type="stmt"/>
        <line num="10" count="1" type="stmt"/>
        <line num="16" count="0" type="stmt"/>
      </file>
    </package>
    <package name="src.interfaces">
      <metrics statements="0" coveredstatements="0" conditionals="0" coveredconditionals="0" methods="0" coveredmethods="0"/>
      <file name="question.ts" path="/Users/gavinying/Quizzer/quizzer_start/src/interfaces/question.ts">
        <metrics statements="0" coveredstatements="0" conditionals="0" coveredconditionals="0" methods="0" coveredmethods="0"/>
      </file>
      <file name="quiz.ts" path="/Users/gavinying/Quizzer/quizzer_start/src/interfaces/quiz.ts">
        <metrics statements="0" coveredstatements="0" conditionals="0" coveredconditionals="0" methods="0" coveredmethods="0"/>
      </file>
    </package>
    <package name="src.quizzer">
      <metrics statements="146" coveredstatements="74" conditionals="62" coveredconditionals="30" methods="73" coveredmethods="34"/>
      <file name="AddQuizModal.tsx" path="/Users/gavinying/Quizzer/quizzer_start/src/quizzer/AddQuizModal.tsx">
        <metrics statements="14" coveredstatements="6" conditionals="0" coveredconditionals="0" methods="5" coveredmethods="2"/>
        <line num="4" count="2" type="stmt"/>
        <line num="13" count="25" type="stmt"/>
        <line num="14" count="25" type="stmt"/>
        <line num="16" count="25" type="stmt"/>
        <line num="17" count="1" type="stmt"/>
        <line num="18" count="0" type="stmt"/>
        <line num="19" count="0" type="stmt"/>
        <line num="20" count="0" type="stmt"/>
        <line num="23" count="25" type="stmt"/>
        <line num="36" count="0" type="stmt"/>
        <line num="45" count="0" type="stmt"/>
        <line num="53" count="0" type="stmt"/>
        <line num="54" count="0" type="stmt"/>
        <line num="55" count="0" type="stmt"/>
      </file>
      <file name="QuestionEdit.tsx" path="/Users/gavinying/Quizzer/quizzer_start/src/quizzer/QuestionEdit.tsx">
        <metrics statements="39" coveredstatements="1" conditionals="20" coveredconditionals="0" methods="17" coveredmethods="0"/>
        <line num="7" count="2" type="stmt"/>
        <line num="22" count="0" type="stmt"/>
        <line num="23" count="0" type="stmt"/>
        <line num="26" count="0" type="stmt"/>
        <line num="27" count="0" type="stmt"/>
        <line num="29" count="0" type="cond" truecount="0" falsecount="2"/>
        <line num="30" count="0" type="stmt"/>
        <line num="38" count="0" type="stmt"/>
        <line num="39" count="0" type="stmt"/>
        <line num="40" count="0" type="stmt"/>
        <line num="47" count="0" type="stmt"/>
        <line num="48" count="0" type="stmt"/>
        <line num="49" count="0" type="stmt"/>
        <line num="55" count="0" type="stmt"/>
        <line num="56" count="0" type="stmt"/>
        <line num="57" count="0" type="cond" truecount="0" falsecount="2"/>
        <line num="61" count="0" type="stmt"/>
        <line num="62" count="0" type="cond" truecount="0" falsecount="2"/>
        <line num="66" count="0" type="stmt"/>
        <line num="69" count="0" type="stmt"/>
        <line num="70" count="0" type="stmt"/>
        <line num="71" count="0" type="stmt"/>
        <line num="74" count="0" type="stmt"/>
        <line num="78" count="0" type="stmt"/>
        <line num="79" count="0" type="stmt"/>
        <line num="80" count="0" type="stmt"/>
        <line num="87" count="0" type="stmt"/>
        <line num="88" count="0" type="stmt"/>
        <line num="89" count="0" type="stmt"/>
        <line num="90" count="0" type="stmt"/>
        <line num="96" count="0" type="stmt"/>
        <line num="113" count="0" type="stmt"/>
        <line num="186" count="0" type="stmt"/>
        <line num="199" count="0" type="stmt"/>
        <line num="220" count="0" type="stmt"/>
        <line num="238" count="0" type="stmt"/>
        <line num="247" count="0" type="stmt"/>
        <line num="263" count="0" type="stmt"/>
        <line num="272" count="0" type="stmt"/>
      </file>
      <file name="QuizCard.tsx" path="/Users/gavinying/Quizzer/quizzer_start/src/quizzer/QuizCard.tsx">
        <metrics statements="5" coveredstatements="5" conditionals="5" coveredconditionals="4" methods="3" coveredmethods="3"/>
        <line num="7" count="2" type="stmt"/>
        <line num="14" count="80" type="stmt"/>
        <line num="16" count="320" type="cond" truecount="3" falsecount="0"/>
        <line num="19" count="80" type="stmt"/>
        <line num="25" count="10" type="stmt"/>
      </file>
      <file name="QuizEdit.tsx" path="/Users/gavinying/Quizzer/quizzer_start/src/quizzer/QuizEdit.tsx">
        <metrics statements="25" coveredstatements="1" conditionals="6" coveredconditionals="0" methods="15" coveredmethods="0"/>
        <line num="9" count="2" type="stmt"/>
        <line num="22" count="0" type="stmt"/>
        <line num="24" count="0" type="stmt"/>
        <line num="25" count="0" type="stmt"/>
        <line num="29" count="0" type="cond" truecount="0" falsecount="2"/>
        <line num="34" count="0" type="stmt"/>
        <line num="35" count="0" type="stmt"/>
        <line num="38" count="0" type="stmt"/>
        <line num="43" count="0" type="stmt"/>
        <line num="44" count="0" type="stmt"/>
        <line num="47" count="0" type="stmt"/>
        <line num="48" count="0" type="stmt"/>
        <line num="52" count="0" type="cond" truecount="0" falsecount="2"/>
        <line num="53" count="0" type="cond" truecount="0" falsecount="2"/>
        <line num="54" count="0" type="stmt"/>
        <line num="60" count="0" type="stmt"/>
        <line num="72" count="0" type="stmt"/>
        <line num="89" count="0" type="stmt"/>
        <line num="102" count="0" type="stmt"/>
        <line num="110" count="0" type="stmt"/>
        <line num="126" count="0" type="stmt"/>
        <line num="152" count="0" type="stmt"/>
        <line num="153" count="0" type="stmt"/>
        <line num="165" count="0" type="stmt"/>
        <line num="166" count="0" type="stmt"/>
      </file>
      <file name="QuizExpanded.tsx" path="/Users/gavinying/Quizzer/quizzer_start/src/quizzer/QuizExpanded.tsx">
        <metrics statements="25" coveredstatements="25" conditionals="7" coveredconditionals="6" methods="12" coveredmethods="12"/>
        <line num="9" count="2" type="stmt"/>
        <line num="20" count="21" type="stmt"/>
        <line num="22" count="84" type="cond" truecount="3" falsecount="0"/>
        <line num="25" count="21" type="stmt"/>
        <line num="26" count="21" type="stmt"/>
        <line num="30" count="21" type="stmt"/>
        <line num="31" count="2" type="stmt"/>
        <line num="32" count="2" type="stmt"/>
        <line num="33" count="2" type="stmt"/>
        <line num="36" count="21" type="stmt"/>
        <line num="37" count="42" type="stmt"/>
        <line num="41" count="21" type="stmt"/>
        <line num="42" count="2" type="stmt"/>
        <line num="45" count="21" type="stmt"/>
        <line num="46" count="7" type="stmt"/>
        <line num="47" count="7" type="stmt"/>
        <line num="50" count="28" type="stmt"/>
        <line num="54" count="7" type="stmt"/>
        <line num="57" count="21" type="stmt"/>
        <line num="58" count="2" type="stmt"/>
        <line num="62" count="8" type="cond" truecount="2" falsecount="0"/>
        <line num="69" count="21" type="stmt"/>
        <line num="84" count="6" type="stmt"/>
        <line num="85" count="6" type="stmt"/>
        <line num="101" count="42" type="stmt"/>
      </file>
      <file name="QuizList.tsx" path="/Users/gavinying/Quizzer/quizzer_start/src/quizzer/QuizList.tsx">
        <metrics statements="10" coveredstatements="9" conditionals="4" coveredconditionals="4" methods="5" coveredmethods="4"/>
        <line num="8" count="2" type="stmt"/>
        <line num="19" count="35" type="stmt"/>
        <line num="21" count="35" type="stmt"/>
        <line num="22" count="10" type="stmt"/>
        <line num="25" count="35" type="stmt"/>
        <line num="26" count="0" type="stmt"/>
        <line num="29" count="35" type="stmt"/>
        <line num="34" count="80" type="stmt"/>
        <line num="46" count="175" type="cond" truecount="2" falsecount="0"/>
        <line num="47" count="19" type="stmt"/>
      </file>
      <file name="QuizQuestion.tsx" path="/Users/gavinying/Quizzer/quizzer_start/src/quizzer/QuizQuestion.tsx">
        <metrics statements="10" coveredstatements="10" conditionals="14" coveredconditionals="11" methods="4" coveredmethods="4"/>
        <line num="8" count="2" type="stmt"/>
        <line num="23" count="42" type="stmt"/>
        <line num="24" count="2" type="cond" truecount="1" falsecount="1"/>
        <line num="25" count="2" type="stmt"/>
        <line num="29" count="42" type="stmt"/>
        <line num="30" count="2" type="stmt"/>
        <line num="31" count="2" type="cond" truecount="1" falsecount="1"/>
        <line num="32" count="2" type="stmt"/>
        <line num="36" count="42" type="stmt"/>
        <line num="63" count="63" type="stmt"/>
      </file>
      <file name="QuizView.tsx" path="/Users/gavinying/Quizzer/quizzer_start/src/quizzer/QuizView.tsx">
        <metrics statements="5" coveredstatements="5" conditionals="4" coveredconditionals="3" methods="2" coveredmethods="2"/>
        <line num="8" count="2" type="stmt"/>
        <line num="19" count="19" type="stmt"/>
        <line num="21" count="19" type="stmt"/>
        <line num="22" count="6" type="stmt"/>
        <line num="25" count="19" type="stmt"/>
      </file>
      <file name="Quizzer.tsx" path="/Users/gavinying/Quizzer/quizzer_start/src/quizzer/Quizzer.tsx">
        <metrics statements="13" coveredstatements="12" conditionals="2" coveredconditionals="2" methods="10" coveredmethods="7"/>
        <line num="10" count="2" type="stmt"/>
        <line num="11" count="10" type="stmt"/>
        <line num="14" count="40" type="stmt"/>
        <line num="23" count="2" type="stmt"/>
        <line num="24" count="25" type="stmt"/>
        <line num="25" count="25" type="stmt"/>
        <line num="28" count="9" type="stmt"/>
        <line num="29" count="45" type="cond" truecount="2" falsecount="0"/>
        <line num="34" count="1" type="stmt"/>
        <line num="38" count="0" type="stmt"/>
        <line num="41" count="25" type="stmt"/>
        <line num="42" count="25" type="stmt"/>
        <line num="44" count="25" type="stmt"/>
      </file>
    </package>
  </project>
</coverage>
