{"/Users/gavinying/Quizzer/quizzer_start/src/App.tsx": {"path":"/Users/gavinying/Quizzer/quizzer_start/src/App.tsx","statementMap":{"0":{"start":{"line":8,"column":34},"end":{"line":8,"column":57}},"1":{"start":{"line":10,"column":4},"end":{"line":26,"column":6}},"2":{"start":{"line":16,"column":24},"end":{"line":16,"column":45}}},"fnMap":{"0":{"name":"App","decl":{"start":{"line":7,"column":9},"end":{"line":7,"column":12}},"loc":{"start":{"line":7,"column":28},"end":{"line":27,"column":1}},"line":7},"1":{"name":"(anonymous_1)","decl":{"start":{"line":15,"column":29},"end":{"line":15,"column":30}},"loc":{"start":{"line":15,"column":35},"end":{"line":17,"column":21}},"line":15}},"branchMap":{"0":{"loc":{"start":{"line":19,"column":21},"end":{"line":19,"column":50}},"type":"cond-expr","locations":[{"start":{"line":19,"column":31},"end":{"line":19,"column":40}},{"start":{"line":19,"column":43},"end":{"line":19,"column":50}}],"line":19},"1":{"loc":{"start":{"line":22,"column":35},"end":{"line":22,"column":61}},"type":"cond-expr","locations":[{"start":{"line":22,"column":45},"end":{"line":22,"column":52}},{"start":{"line":22,"column":55},"end":{"line":22,"column":61}}],"line":22}},"s":{"0":1,"1":1,"2":0},"f":{"0":1,"1":0},"b":{"0":[1,0],"1":[1,0]},"_coverageSchema":"1a1c01bbd47fc00a2c39e90264f33305004495a9","hash":"00035b1ffe70b122e752972c1cfb5eb9c5410fdc"}
,"/Users/gavinying/Quizzer/quizzer_start/src/interfaces/question.ts": {"path":"/Users/gavinying/Quizzer/quizzer_start/src/interfaces/question.ts","statementMap":{},"fnMap":{},"branchMap":{},"s":{},"f":{},"b":{}}
,"/Users/gavinying/Quizzer/quizzer_start/src/interfaces/quiz.ts": {"path":"/Users/gavinying/Quizzer/quizzer_start/src/interfaces/quiz.ts","statementMap":{},"fnMap":{},"branchMap":{},"s":{},"f":{},"b":{}}
,"/Users/gavinying/Quizzer/quizzer_start/src/quizzer/AddQuizModal.tsx": {"path":"/Users/gavinying/Quizzer/quizzer_start/src/quizzer/AddQuizModal.tsx","statementMap":{"0":{"start":{"line":4,"column":28},"end":{"line":67,"column":1}},"1":{"start":{"line":13,"column":30},"end":{"line":13,"column":62}},"2":{"start":{"line":14,"column":28},"end":{"line":14,"column":67}},"3":{"start":{"line":16,"column":24},"end":{"line":21,"column":5}},"4":{"start":{"line":17,"column":8},"end":{"line":17,"column":29}},"5":{"start":{"line":18,"column":8},"end":{"line":18,"column":33}},"6":{"start":{"line":19,"column":8},"end":{"line":19,"column":39}},"7":{"start":{"line":20,"column":8},"end":{"line":20,"column":22}},"8":{"start":{"line":23,"column":4},"end":{"line":66,"column":6}},"9":{"start":{"line":36,"column":33},"end":{"line":36,"column":57}},"10":{"start":{"line":45,"column":33},"end":{"line":45,"column":56}},"11":{"start":{"line":53,"column":28},"end":{"line":53,"column":53}},"12":{"start":{"line":54,"column":28},"end":{"line":54,"column":59}},"13":{"start":{"line":55,"column":28},"end":{"line":55,"column":42}}},"fnMap":{"0":{"name":"(anonymous_0)","decl":{"start":{"line":4,"column":28},"end":{"line":4,"column":29}},"loc":{"start":{"line":12,"column":6},"end":{"line":67,"column":1}},"line":12},"1":{"name":"(anonymous_1)","decl":{"start":{"line":16,"column":24},"end":{"line":16,"column":25}},"loc":{"start":{"line":16,"column":30},"end":{"line":21,"column":5}},"line":16},"2":{"name":"(anonymous_2)","decl":{"start":{"line":34,"column":38},"end":{"line":34,"column":39}},"loc":{"start":{"line":36,"column":33},"end":{"line":36,"column":57}},"line":36},"3":{"name":"(anonymous_3)","decl":{"start":{"line":43,"column":38},"end":{"line":43,"column":39}},"loc":{"start":{"line":45,"column":33},"end":{"line":45,"column":56}},"line":45},"4":{"name":"(anonymous_4)","decl":{"start":{"line":52,"column":33},"end":{"line":52,"column":34}},"loc":{"start":{"line":52,"column":39},"end":{"line":56,"column":25}},"line":52}},"branchMap":{},"s":{"0":2,"1":32,"2":32,"3":32,"4":1,"5":1,"6":1,"7":1,"8":32,"9":0,"10":0,"11":0,"12":0,"13":0},"f":{"0":32,"1":1,"2":0,"3":0,"4":0},"b":{},"_coverageSchema":"1a1c01bbd47fc00a2c39e90264f33305004495a9","hash":"8d2cff8c3f208c6bd988950637e0b8698952a4aa"}
,"/Users/gavinying/Quizzer/quizzer_start/src/quizzer/QuestionEdit.tsx": {"path":"/Users/gavinying/Quizzer/quizzer_start/src/quizzer/QuestionEdit.tsx","statementMap":{"0":{"start":{"line":7,"column":28},"end":{"line":281,"column":1}},"1":{"start":{"line":22,"column":19},"end":{"line":24,"column":5}},"2":{"start":{"line":23,"column":50},"end":{"line":23,"column":73}},"3":{"start":{"line":26,"column":29},"end":{"line":36,"column":5}},"4":{"start":{"line":27,"column":8},"end":{"line":27,"column":13}},"5":{"start":{"line":29,"column":12},"end":{"line":29,"column":71}},"6":{"start":{"line":30,"column":8},"end":{"line":35,"column":11}},"7":{"start":{"line":38,"column":24},"end":{"line":46,"column":5}},"8":{"start":{"line":39,"column":8},"end":{"line":39,"column":13}},"9":{"start":{"line":40,"column":8},"end":{"line":45,"column":11}},"10":{"start":{"line":47,"column":24},"end":{"line":54,"column":5}},"11":{"start":{"line":48,"column":8},"end":{"line":48,"column":13}},"12":{"start":{"line":49,"column":8},"end":{"line":53,"column":11}},"13":{"start":{"line":55,"column":25},"end":{"line":68,"column":5}},"14":{"start":{"line":56,"column":8},"end":{"line":56,"column":13}},"15":{"start":{"line":57,"column":8},"end":{"line":67,"column":9}},"16":{"start":{"line":61,"column":12},"end":{"line":61,"column":26}},"17":{"start":{"line":62,"column":15},"end":{"line":67,"column":9}},"18":{"start":{"line":66,"column":12},"end":{"line":66,"column":26}},"19":{"start":{"line":69,"column":25},"end":{"line":72,"column":5}},"20":{"start":{"line":70,"column":8},"end":{"line":70,"column":51}},"21":{"start":{"line":71,"column":8},"end":{"line":71,"column":44}},"22":{"start":{"line":74,"column":31},"end":{"line":85,"column":5}},"23":{"start":{"line":78,"column":27},"end":{"line":78,"column":48}},"24":{"start":{"line":79,"column":8},"end":{"line":79,"column":48}},"25":{"start":{"line":80,"column":8},"end":{"line":84,"column":11}},"26":{"start":{"line":87,"column":30},"end":{"line":94,"column":5}},"27":{"start":{"line":88,"column":20},"end":{"line":88,"column":44}},"28":{"start":{"line":89,"column":8},"end":{"line":89,"column":15}},"29":{"start":{"line":90,"column":8},"end":{"line":93,"column":11}},"30":{"start":{"line":96,"column":4},"end":{"line":280,"column":6}},"31":{"start":{"line":113,"column":36},"end":{"line":116,"column":39}},"32":{"start":{"line":186,"column":44},"end":{"line":189,"column":47}},"33":{"start":{"line":199,"column":44},"end":{"line":226,"column":50}},"34":{"start":{"line":220,"column":56},"end":{"line":223,"column":58}},"35":{"start":{"line":238,"column":32},"end":{"line":238,"column":63}},"36":{"start":{"line":247,"column":32},"end":{"line":247,"column":63}},"37":{"start":{"line":263,"column":28},"end":{"line":266,"column":31}},"38":{"start":{"line":272,"column":28},"end":{"line":272,"column":56}}},"fnMap":{"0":{"name":"(anonymous_0)","decl":{"start":{"line":7,"column":28},"end":{"line":7,"column":29}},"loc":{"start":{"line":21,"column":6},"end":{"line":281,"column":1}},"line":21},"1":{"name":"(anonymous_1)","decl":{"start":{"line":23,"column":35},"end":{"line":23,"column":36}},"loc":{"start":{"line":23,"column":50},"end":{"line":23,"column":73}},"line":23},"2":{"name":"(anonymous_2)","decl":{"start":{"line":26,"column":29},"end":{"line":26,"column":30}},"loc":{"start":{"line":26,"column":73},"end":{"line":36,"column":5}},"line":26},"3":{"name":"(anonymous_3)","decl":{"start":{"line":38,"column":24},"end":{"line":38,"column":25}},"loc":{"start":{"line":38,"column":30},"end":{"line":46,"column":5}},"line":38},"4":{"name":"(anonymous_4)","decl":{"start":{"line":47,"column":24},"end":{"line":47,"column":25}},"loc":{"start":{"line":47,"column":30},"end":{"line":54,"column":5}},"line":47},"5":{"name":"(anonymous_5)","decl":{"start":{"line":55,"column":25},"end":{"line":55,"column":26}},"loc":{"start":{"line":55,"column":70},"end":{"line":68,"column":5}},"line":55},"6":{"name":"(anonymous_6)","decl":{"start":{"line":69,"column":25},"end":{"line":69,"column":26}},"loc":{"start":{"line":69,"column":69},"end":{"line":72,"column":5}},"line":69},"7":{"name":"(anonymous_7)","decl":{"start":{"line":74,"column":31},"end":{"line":74,"column":32}},"loc":{"start":{"line":77,"column":9},"end":{"line":85,"column":5}},"line":77},"8":{"name":"(anonymous_8)","decl":{"start":{"line":87,"column":30},"end":{"line":87,"column":31}},"loc":{"start":{"line":87,"column":74},"end":{"line":94,"column":5}},"line":87},"9":{"name":"(anonymous_9)","decl":{"start":{"line":110,"column":42},"end":{"line":110,"column":43}},"loc":{"start":{"line":112,"column":37},"end":{"line":117,"column":33}},"line":112},"10":{"name":"(anonymous_10)","decl":{"start":{"line":183,"column":50},"end":{"line":183,"column":51}},"loc":{"start":{"line":185,"column":45},"end":{"line":190,"column":41}},"line":185},"11":{"name":"(anonymous_11)","decl":{"start":{"line":198,"column":40},"end":{"line":198,"column":41}},"loc":{"start":{"line":199,"column":44},"end":{"line":226,"column":50}},"line":199},"12":{"name":"(anonymous_12)","decl":{"start":{"line":217,"column":62},"end":{"line":217,"column":63}},"loc":{"start":{"line":219,"column":57},"end":{"line":224,"column":53}},"line":219},"13":{"name":"(anonymous_13)","decl":{"start":{"line":237,"column":37},"end":{"line":237,"column":38}},"loc":{"start":{"line":237,"column":43},"end":{"line":239,"column":29}},"line":237},"14":{"name":"(anonymous_14)","decl":{"start":{"line":246,"column":37},"end":{"line":246,"column":38}},"loc":{"start":{"line":246,"column":43},"end":{"line":248,"column":29}},"line":246},"15":{"name":"(anonymous_15)","decl":{"start":{"line":262,"column":34},"end":{"line":262,"column":35}},"loc":{"start":{"line":262,"column":78},"end":{"line":267,"column":25}},"line":262},"16":{"name":"(anonymous_16)","decl":{"start":{"line":271,"column":33},"end":{"line":271,"column":34}},"loc":{"start":{"line":271,"column":39},"end":{"line":273,"column":25}},"line":271}},"branchMap":{"0":{"loc":{"start":{"line":29,"column":12},"end":{"line":29,"column":71}},"type":"cond-expr","locations":[{"start":{"line":29,"column":43},"end":{"line":29,"column":44}},{"start":{"line":29,"column":47},"end":{"line":29,"column":71}}],"line":29},"1":{"loc":{"start":{"line":57,"column":8},"end":{"line":67,"column":9}},"type":"if","locations":[{"start":{"line":57,"column":8},"end":{"line":67,"column":9}},{"start":{"line":62,"column":15},"end":{"line":67,"column":9}}],"line":57},"2":{"loc":{"start":{"line":58,"column":12},"end":{"line":59,"column":54}},"type":"binary-expr","locations":[{"start":{"line":58,"column":12},"end":{"line":58,"column":56}},{"start":{"line":59,"column":12},"end":{"line":59,"column":54}}],"line":58},"3":{"loc":{"start":{"line":62,"column":15},"end":{"line":67,"column":9}},"type":"if","locations":[{"start":{"line":62,"column":15},"end":{"line":67,"column":9}},{"start":{},"end":{}}],"line":62},"4":{"loc":{"start":{"line":63,"column":12},"end":{"line":64,"column":57}},"type":"binary-expr","locations":[{"start":{"line":63,"column":12},"end":{"line":63,"column":53}},{"start":{"line":64,"column":12},"end":{"line":64,"column":57}}],"line":63},"5":{"loc":{"start":{"line":83,"column":22},"end":{"line":83,"column":66}},"type":"cond-expr","locations":[{"start":{"line":83,"column":32},"end":{"line":83,"column":46}},{"start":{"line":83,"column":49},"end":{"line":83,"column":66}}],"line":83},"6":{"loc":{"start":{"line":132,"column":31},"end":{"line":132,"column":63}},"type":"cond-expr","locations":[{"start":{"line":132,"column":55},"end":{"line":132,"column":58}},{"start":{"line":132,"column":61},"end":{"line":132,"column":63}}],"line":132},"7":{"loc":{"start":{"line":163,"column":29},"end":{"line":175,"column":29}},"type":"binary-expr","locations":[{"start":{"line":163,"column":29},"end":{"line":163,"column":73}},{"start":{"line":164,"column":32},"end":{"line":174,"column":35}}],"line":163},"8":{"loc":{"start":{"line":178,"column":29},"end":{"line":193,"column":29}},"type":"binary-expr","locations":[{"start":{"line":178,"column":29},"end":{"line":178,"column":70}},{"start":{"line":179,"column":32},"end":{"line":192,"column":45}}],"line":178},"9":{"loc":{"start":{"line":194,"column":29},"end":{"line":230,"column":29}},"type":"binary-expr","locations":[{"start":{"line":194,"column":29},"end":{"line":194,"column":73}},{"start":{"line":195,"column":32},"end":{"line":229,"column":45}}],"line":194}},"s":{"0":2,"1":54,"2":53,"3":54,"4":0,"5":0,"6":0,"7":54,"8":1,"9":1,"10":54,"11":0,"12":0,"13":54,"14":1,"15":1,"16":0,"17":1,"18":1,"19":54,"20":0,"21":0,"22":54,"23":0,"24":0,"25":0,"26":54,"27":0,"28":0,"29":0,"30":54,"31":0,"32":0,"33":81,"34":0,"35":2,"36":0,"37":1,"38":0},"f":{"0":54,"1":53,"2":0,"3":1,"4":0,"5":1,"6":0,"7":0,"8":0,"9":0,"10":0,"11":81,"12":0,"13":2,"14":0,"15":1,"16":0},"b":{"0":[0,0],"1":[0,1],"2":[1,0],"3":[1,0],"4":[1,1],"5":[0,0],"6":[13,41],"7":[54,27],"8":[54,27],"9":[54,27]},"_coverageSchema":"1a1c01bbd47fc00a2c39e90264f33305004495a9","hash":"7dcdf33269f24bf87c3ec61720f9618b3e26f3b8"}
,"/Users/gavinying/Quizzer/quizzer_start/src/quizzer/QuizCard.tsx": {"path":"/Users/gavinying/Quizzer/quizzer_start/src/quizzer/QuizCard.tsx","statementMap":{"0":{"start":{"line":7,"column":24},"end":{"line":38,"column":1}},"1":{"start":{"line":14,"column":30},"end":{"line":17,"column":5}},"2":{"start":{"line":16,"column":12},"end":{"line":16,"column":62}},"3":{"start":{"line":19,"column":4},"end":{"line":37,"column":6}},"4":{"start":{"line":25,"column":24},"end":{"line":25,"column":45}}},"fnMap":{"0":{"name":"(anonymous_0)","decl":{"start":{"line":7,"column":24},"end":{"line":7,"column":25}},"loc":{"start":{"line":13,"column":6},"end":{"line":38,"column":1}},"line":13},"1":{"name":"(anonymous_1)","decl":{"start":{"line":15,"column":8},"end":{"line":15,"column":9}},"loc":{"start":{"line":16,"column":12},"end":{"line":16,"column":62}},"line":16},"2":{"name":"(anonymous_2)","decl":{"start":{"line":24,"column":29},"end":{"line":24,"column":30}},"loc":{"start":{"line":24,"column":35},"end":{"line":26,"column":21}},"line":24}},"branchMap":{"0":{"loc":{"start":{"line":16,"column":12},"end":{"line":16,"column":62}},"type":"binary-expr","locations":[{"start":{"line":16,"column":13},"end":{"line":16,"column":27}},{"start":{"line":16,"column":31},"end":{"line":16,"column":42}},{"start":{"line":16,"column":47},"end":{"line":16,"column":62}}],"line":16},"1":{"loc":{"start":{"line":32,"column":21},"end":{"line":32,"column":62}},"type":"cond-expr","locations":[{"start":{"line":32,"column":54},"end":{"line":32,"column":57}},{"start":{"line":32,"column":60},"end":{"line":32,"column":62}}],"line":32}},"s":{"0":2,"1":90,"2":356,"3":90,"4":10},"f":{"0":90,"1":356,"2":10},"b":{"0":[356,302,160],"1":[90,0]},"_coverageSchema":"1a1c01bbd47fc00a2c39e90264f33305004495a9","hash":"bf567e7531ba7ed28e8f160e7d8b41505a66da19"}
,"/Users/gavinying/Quizzer/quizzer_start/src/quizzer/QuizEdit.tsx": {"path":"/Users/gavinying/Quizzer/quizzer_start/src/quizzer/QuizEdit.tsx","statementMap":{"0":{"start":{"line":9,"column":24},"end":{"line":175,"column":1}},"1":{"start":{"line":22,"column":34},"end":{"line":22,"column":61}},"2":{"start":{"line":24,"column":25},"end":{"line":32,"column":5}},"3":{"start":{"line":25,"column":8},"end":{"line":31,"column":11}},"4":{"start":{"line":29,"column":20},"end":{"line":29,"column":71}},"5":{"start":{"line":34,"column":27},"end":{"line":41,"column":5}},"6":{"start":{"line":35,"column":8},"end":{"line":40,"column":11}},"7":{"start":{"line":38,"column":49},"end":{"line":38,"column":75}},"8":{"start":{"line":43,"column":24},"end":{"line":45,"column":5}},"9":{"start":{"line":44,"column":8},"end":{"line":44,"column":42}},"10":{"start":{"line":47,"column":25},"end":{"line":58,"column":5}},"11":{"start":{"line":48,"column":8},"end":{"line":57,"column":11}},"12":{"start":{"line":52,"column":20},"end":{"line":52,"column":72}},"13":{"start":{"line":52,"column":38},"end":{"line":52,"column":72}},"14":{"start":{"line":53,"column":20},"end":{"line":53,"column":72}},"15":{"start":{"line":53,"column":38},"end":{"line":53,"column":72}},"16":{"start":{"line":54,"column":20},"end":{"line":54,"column":29}},"17":{"start":{"line":60,"column":4},"end":{"line":174,"column":6}},"18":{"start":{"line":72,"column":36},"end":{"line":75,"column":38}},"19":{"start":{"line":89,"column":32},"end":{"line":92,"column":35}},"20":{"start":{"line":102,"column":28},"end":{"line":102,"column":76}},"21":{"start":{"line":110,"column":20},"end":{"line":118,"column":36}},"22":{"start":{"line":126,"column":24},"end":{"line":141,"column":27}},"23":{"start":{"line":152,"column":32},"end":{"line":152,"column":46}},"24":{"start":{"line":153,"column":32},"end":{"line":153,"column":45}},"25":{"start":{"line":165,"column":28},"end":{"line":165,"column":48}},"26":{"start":{"line":166,"column":28},"end":{"line":166,"column":40}}},"fnMap":{"0":{"name":"(anonymous_0)","decl":{"start":{"line":9,"column":24},"end":{"line":9,"column":25}},"loc":{"start":{"line":21,"column":6},"end":{"line":175,"column":1}},"line":21},"1":{"name":"(anonymous_1)","decl":{"start":{"line":24,"column":25},"end":{"line":24,"column":26}},"loc":{"start":{"line":24,"column":72},"end":{"line":32,"column":5}},"line":24},"2":{"name":"(anonymous_2)","decl":{"start":{"line":28,"column":16},"end":{"line":28,"column":17}},"loc":{"start":{"line":29,"column":20},"end":{"line":29,"column":71}},"line":29},"3":{"name":"(anonymous_3)","decl":{"start":{"line":34,"column":27},"end":{"line":34,"column":28}},"loc":{"start":{"line":34,"column":51},"end":{"line":41,"column":5}},"line":34},"4":{"name":"(anonymous_4)","decl":{"start":{"line":38,"column":16},"end":{"line":38,"column":17}},"loc":{"start":{"line":38,"column":49},"end":{"line":38,"column":75}},"line":38},"5":{"name":"(anonymous_5)","decl":{"start":{"line":43,"column":24},"end":{"line":43,"column":25}},"loc":{"start":{"line":43,"column":30},"end":{"line":45,"column":5}},"line":43},"6":{"name":"(anonymous_6)","decl":{"start":{"line":47,"column":25},"end":{"line":47,"column":26}},"loc":{"start":{"line":47,"column":57},"end":{"line":58,"column":5}},"line":47},"7":{"name":"(anonymous_7)","decl":{"start":{"line":51,"column":16},"end":{"line":51,"column":17}},"loc":{"start":{"line":51,"column":56},"end":{"line":55,"column":17}},"line":51},"8":{"name":"(anonymous_8)","decl":{"start":{"line":69,"column":42},"end":{"line":69,"column":43}},"loc":{"start":{"line":72,"column":36},"end":{"line":75,"column":38}},"line":72},"9":{"name":"(anonymous_9)","decl":{"start":{"line":86,"column":38},"end":{"line":86,"column":39}},"loc":{"start":{"line":88,"column":33},"end":{"line":93,"column":29}},"line":88},"10":{"name":"(anonymous_10)","decl":{"start":{"line":101,"column":34},"end":{"line":101,"column":35}},"loc":{"start":{"line":102,"column":28},"end":{"line":102,"column":76}},"line":102},"11":{"name":"(anonymous_11)","decl":{"start":{"line":109,"column":42},"end":{"line":109,"column":43}},"loc":{"start":{"line":110,"column":20},"end":{"line":118,"column":36}},"line":110},"12":{"name":"(anonymous_12)","decl":{"start":{"line":125,"column":29},"end":{"line":125,"column":30}},"loc":{"start":{"line":125,"column":35},"end":{"line":142,"column":21}},"line":125},"13":{"name":"(anonymous_13)","decl":{"start":{"line":151,"column":37},"end":{"line":151,"column":38}},"loc":{"start":{"line":151,"column":43},"end":{"line":154,"column":29}},"line":151},"14":{"name":"(anonymous_14)","decl":{"start":{"line":164,"column":33},"end":{"line":164,"column":34}},"loc":{"start":{"line":164,"column":39},"end":{"line":167,"column":25}},"line":164}},"branchMap":{"0":{"loc":{"start":{"line":29,"column":20},"end":{"line":29,"column":71}},"type":"cond-expr","locations":[{"start":{"line":29,"column":49},"end":{"line":29,"column":57}},{"start":{"line":29,"column":60},"end":{"line":29,"column":71}}],"line":29},"1":{"loc":{"start":{"line":52,"column":20},"end":{"line":52,"column":72}},"type":"if","locations":[{"start":{"line":52,"column":20},"end":{"line":52,"column":72}},{"start":{},"end":{}}],"line":52},"2":{"loc":{"start":{"line":53,"column":20},"end":{"line":53,"column":72}},"type":"if","locations":[{"start":{"line":53,"column":20},"end":{"line":53,"column":72}},{"start":{},"end":{}}],"line":53}},"s":{"0":2,"1":13,"2":13,"3":2,"4":8,"5":13,"6":0,"7":0,"8":13,"9":5,"10":13,"11":2,"12":8,"13":2,"14":6,"15":2,"16":4,"17":13,"18":0,"19":2,"20":0,"21":54,"22":1,"23":5,"24":5,"25":1,"26":1},"f":{"0":13,"1":2,"2":8,"3":0,"4":0,"5":5,"6":2,"7":8,"8":0,"9":2,"10":0,"11":54,"12":1,"13":5,"14":1},"b":{"0":[6,2],"1":[2,6],"2":[2,4]},"_coverageSchema":"1a1c01bbd47fc00a2c39e90264f33305004495a9","hash":"3e79af008dc3d929cf76a3f143381f7caf9d61e7"}
,"/Users/gavinying/Quizzer/quizzer_start/src/quizzer/QuizExpanded.tsx": {"path":"/Users/gavinying/Quizzer/quizzer_start/src/quizzer/QuizExpanded.tsx","statementMap":{"0":{"start":{"line":9,"column":28},"end":{"line":122,"column":1}},"1":{"start":{"line":20,"column":30},"end":{"line":23,"column":5}},"2":{"start":{"line":22,"column":12},"end":{"line":22,"column":62}},"3":{"start":{"line":25,"column":20},"end":{"line":25,"column":39}},"4":{"start":{"line":26,"column":38},"end":{"line":28,"column":5}},"5":{"start":{"line":30,"column":33},"end":{"line":34,"column":5}},"6":{"start":{"line":31,"column":29},"end":{"line":31,"column":43}},"7":{"start":{"line":32,"column":8},"end":{"line":32,"column":44}},"8":{"start":{"line":33,"column":8},"end":{"line":33,"column":35}},"9":{"start":{"line":36,"column":24},"end":{"line":39,"column":5}},"10":{"start":{"line":37,"column":47},"end":{"line":37,"column":62}},"11":{"start":{"line":41,"column":22},"end":{"line":43,"column":5}},"12":{"start":{"line":42,"column":8},"end":{"line":42,"column":41}},"13":{"start":{"line":42,"column":26},"end":{"line":42,"column":39}},"14":{"start":{"line":45,"column":18},"end":{"line":55,"column":5}},"15":{"start":{"line":46,"column":8},"end":{"line":46,"column":58}},"16":{"start":{"line":47,"column":8},"end":{"line":52,"column":11}},"17":{"start":{"line":50,"column":44},"end":{"line":50,"column":68}},"18":{"start":{"line":54,"column":8},"end":{"line":54,"column":14}},"19":{"start":{"line":57,"column":28},"end":{"line":67,"column":5}},"20":{"start":{"line":58,"column":8},"end":{"line":66,"column":11}},"21":{"start":{"line":62,"column":20},"end":{"line":64,"column":31}},"22":{"start":{"line":69,"column":4},"end":{"line":121,"column":6}},"23":{"start":{"line":84,"column":28},"end":{"line":84,"column":36}},"24":{"start":{"line":85,"column":28},"end":{"line":85,"column":41}},"25":{"start":{"line":101,"column":16},"end":{"line":109,"column":32}}},"fnMap":{"0":{"name":"(anonymous_0)","decl":{"start":{"line":9,"column":28},"end":{"line":9,"column":29}},"loc":{"start":{"line":19,"column":6},"end":{"line":122,"column":1}},"line":19},"1":{"name":"(anonymous_1)","decl":{"start":{"line":21,"column":8},"end":{"line":21,"column":9}},"loc":{"start":{"line":22,"column":12},"end":{"line":22,"column":62}},"line":22},"2":{"name":"(anonymous_2)","decl":{"start":{"line":30,"column":33},"end":{"line":30,"column":34}},"loc":{"start":{"line":30,"column":52},"end":{"line":34,"column":5}},"line":30},"3":{"name":"(anonymous_3)","decl":{"start":{"line":37,"column":8},"end":{"line":37,"column":9}},"loc":{"start":{"line":37,"column":47},"end":{"line":37,"column":62}},"line":37},"4":{"name":"(anonymous_4)","decl":{"start":{"line":41,"column":22},"end":{"line":41,"column":23}},"loc":{"start":{"line":41,"column":37},"end":{"line":43,"column":5}},"line":41},"5":{"name":"(anonymous_5)","decl":{"start":{"line":42,"column":11},"end":{"line":42,"column":12}},"loc":{"start":{"line":42,"column":26},"end":{"line":42,"column":39}},"line":42},"6":{"name":"(anonymous_6)","decl":{"start":{"line":45,"column":18},"end":{"line":45,"column":19}},"loc":{"start":{"line":45,"column":24},"end":{"line":55,"column":5}},"line":45},"7":{"name":"(anonymous_7)","decl":{"start":{"line":50,"column":16},"end":{"line":50,"column":17}},"loc":{"start":{"line":50,"column":44},"end":{"line":50,"column":68}},"line":50},"8":{"name":"(anonymous_8)","decl":{"start":{"line":57,"column":28},"end":{"line":57,"column":29}},"loc":{"start":{"line":57,"column":65},"end":{"line":67,"column":5}},"line":57},"9":{"name":"(anonymous_9)","decl":{"start":{"line":61,"column":16},"end":{"line":61,"column":17}},"loc":{"start":{"line":62,"column":20},"end":{"line":64,"column":31}},"line":62},"10":{"name":"(anonymous_10)","decl":{"start":{"line":83,"column":33},"end":{"line":83,"column":34}},"loc":{"start":{"line":83,"column":39},"end":{"line":86,"column":25}},"line":83},"11":{"name":"(anonymous_11)","decl":{"start":{"line":100,"column":35},"end":{"line":100,"column":36}},"loc":{"start":{"line":101,"column":16},"end":{"line":109,"column":32}},"line":101}},"branchMap":{"0":{"loc":{"start":{"line":22,"column":12},"end":{"line":22,"column":62}},"type":"binary-expr","locations":[{"start":{"line":22,"column":13},"end":{"line":22,"column":27}},{"start":{"line":22,"column":31},"end":{"line":22,"column":42}},{"start":{"line":22,"column":47},"end":{"line":22,"column":62}}],"line":22},"1":{"loc":{"start":{"line":62,"column":20},"end":{"line":64,"column":31}},"type":"cond-expr","locations":[{"start":{"line":63,"column":26},"end":{"line":63,"column":55}},{"start":{"line":64,"column":26},"end":{"line":64,"column":31}}],"line":62},"2":{"loc":{"start":{"line":76,"column":25},"end":{"line":76,"column":66}},"type":"cond-expr","locations":[{"start":{"line":76,"column":58},"end":{"line":76,"column":61}},{"start":{"line":76,"column":64},"end":{"line":76,"column":66}}],"line":76}},"s":{"0":2,"1":20,"2":81,"3":20,"4":20,"5":20,"6":2,"7":2,"8":2,"9":20,"10":46,"11":20,"12":2,"13":2,"14":20,"15":7,"16":7,"17":28,"18":7,"19":20,"20":2,"21":8,"22":20,"23":6,"24":6,"25":46},"f":{"0":20,"1":81,"2":2,"3":46,"4":2,"5":2,"6":7,"7":28,"8":2,"9":8,"10":6,"11":46},"b":{"0":[81,72,44],"1":[2,6],"2":[20,0]},"_coverageSchema":"1a1c01bbd47fc00a2c39e90264f33305004495a9","hash":"cd6aed4f8dab3602894e882525c37399e8894130"}
,"/Users/gavinying/Quizzer/quizzer_start/src/quizzer/QuizList.tsx": {"path":"/Users/gavinying/Quizzer/quizzer_start/src/quizzer/QuizList.tsx","statementMap":{"0":{"start":{"line":8,"column":24},"end":{"line":60,"column":1}},"1":{"start":{"line":19,"column":38},"end":{"line":19,"column":67}},"2":{"start":{"line":21,"column":27},"end":{"line":23,"column":5}},"3":{"start":{"line":22,"column":8},"end":{"line":22,"column":25}},"4":{"start":{"line":25,"column":26},"end":{"line":27,"column":5}},"5":{"start":{"line":26,"column":8},"end":{"line":26,"column":27}},"6":{"start":{"line":29,"column":4},"end":{"line":59,"column":6}},"7":{"start":{"line":34,"column":24},"end":{"line":38,"column":36}},"8":{"start":{"line":46,"column":16},"end":{"line":56,"column":17}},"9":{"start":{"line":47,"column":20},"end":{"line":55,"column":22}}},"fnMap":{"0":{"name":"(anonymous_0)","decl":{"start":{"line":8,"column":24},"end":{"line":8,"column":25}},"loc":{"start":{"line":18,"column":6},"end":{"line":60,"column":1}},"line":18},"1":{"name":"(anonymous_1)","decl":{"start":{"line":21,"column":27},"end":{"line":21,"column":28}},"loc":{"start":{"line":21,"column":43},"end":{"line":23,"column":5}},"line":21},"2":{"name":"(anonymous_2)","decl":{"start":{"line":25,"column":26},"end":{"line":25,"column":27}},"loc":{"start":{"line":25,"column":32},"end":{"line":27,"column":5}},"line":25},"3":{"name":"(anonymous_3)","decl":{"start":{"line":33,"column":33},"end":{"line":33,"column":34}},"loc":{"start":{"line":34,"column":24},"end":{"line":38,"column":36}},"line":34},"4":{"name":"(anonymous_4)","decl":{"start":{"line":45,"column":25},"end":{"line":45,"column":26}},"loc":{"start":{"line":45,"column":41},"end":{"line":57,"column":13}},"line":45}},"branchMap":{"0":{"loc":{"start":{"line":31,"column":13},"end":{"line":44,"column":13}},"type":"binary-expr","locations":[{"start":{"line":31,"column":13},"end":{"line":31,"column":23}},{"start":{"line":32,"column":16},"end":{"line":43,"column":19}}],"line":31},"1":{"loc":{"start":{"line":46,"column":16},"end":{"line":56,"column":17}},"type":"if","locations":[{"start":{"line":46,"column":16},"end":{"line":56,"column":17}},{"start":{},"end":{}}],"line":46}},"s":{"0":2,"1":42,"2":42,"3":10,"4":42,"5":1,"6":42,"7":90,"8":210,"9":24},"f":{"0":42,"1":10,"2":1,"3":90,"4":210},"b":{"0":[42,18],"1":[24,186]},"_coverageSchema":"1a1c01bbd47fc00a2c39e90264f33305004495a9","hash":"446e9942b85c120e7f7048d5531be53fc5a8325e"}
,"/Users/gavinying/Quizzer/quizzer_start/src/quizzer/QuizQuestion.tsx": {"path":"/Users/gavinying/Quizzer/quizzer_start/src/quizzer/QuizQuestion.tsx","statementMap":{"0":{"start":{"line":8,"column":28},"end":{"line":94,"column":1}},"1":{"start":{"line":23,"column":24},"end":{"line":27,"column":5}},"2":{"start":{"line":24,"column":8},"end":{"line":26,"column":9}},"3":{"start":{"line":25,"column":12},"end":{"line":25,"column":57}},"4":{"start":{"line":29,"column":30},"end":{"line":34,"column":5}},"5":{"start":{"line":30,"column":8},"end":{"line":30,"column":28}},"6":{"start":{"line":31,"column":8},"end":{"line":33,"column":9}},"7":{"start":{"line":32,"column":12},"end":{"line":32,"column":25}},"8":{"start":{"line":36,"column":4},"end":{"line":93,"column":6}},"9":{"start":{"line":63,"column":36},"end":{"line":71,"column":38}}},"fnMap":{"0":{"name":"(anonymous_0)","decl":{"start":{"line":8,"column":28},"end":{"line":8,"column":29}},"loc":{"start":{"line":22,"column":6},"end":{"line":94,"column":1}},"line":22},"1":{"name":"(anonymous_1)","decl":{"start":{"line":23,"column":24},"end":{"line":23,"column":25}},"loc":{"start":{"line":23,"column":44},"end":{"line":27,"column":5}},"line":23},"2":{"name":"(anonymous_2)","decl":{"start":{"line":29,"column":30},"end":{"line":29,"column":31}},"loc":{"start":{"line":29,"column":36},"end":{"line":34,"column":5}},"line":29},"3":{"name":"(anonymous_3)","decl":{"start":{"line":62,"column":32},"end":{"line":62,"column":33}},"loc":{"start":{"line":63,"column":36},"end":{"line":71,"column":38}},"line":63}},"branchMap":{"0":{"loc":{"start":{"line":24,"column":8},"end":{"line":26,"column":9}},"type":"if","locations":[{"start":{"line":24,"column":8},"end":{"line":26,"column":9}},{"start":{},"end":{}}],"line":24},"1":{"loc":{"start":{"line":31,"column":8},"end":{"line":33,"column":9}},"type":"if","locations":[{"start":{"line":31,"column":8},"end":{"line":33,"column":9}},{"start":{},"end":{}}],"line":31},"2":{"loc":{"start":{"line":45,"column":45},"end":{"line":45,"column":77}},"type":"cond-expr","locations":[{"start":{"line":45,"column":69},"end":{"line":45,"column":72}},{"start":{"line":45,"column":75},"end":{"line":45,"column":77}}],"line":45},"3":{"loc":{"start":{"line":50,"column":21},"end":{"line":58,"column":21}},"type":"binary-expr","locations":[{"start":{"line":50,"column":21},"end":{"line":50,"column":62}},{"start":{"line":51,"column":24},"end":{"line":57,"column":37}}],"line":50},"4":{"loc":{"start":{"line":59,"column":21},"end":{"line":75,"column":21}},"type":"binary-expr","locations":[{"start":{"line":59,"column":21},"end":{"line":59,"column":65}},{"start":{"line":60,"column":24},"end":{"line":74,"column":30}}],"line":59},"5":{"loc":{"start":{"line":77,"column":39},"end":{"line":77,"column":64}},"type":"cond-expr","locations":[{"start":{"line":77,"column":51},"end":{"line":77,"column":53}},{"start":{"line":77,"column":56},"end":{"line":77,"column":64}}],"line":77},"6":{"loc":{"start":{"line":78,"column":29},"end":{"line":80,"column":37}},"type":"cond-expr","locations":[{"start":{"line":79,"column":34},"end":{"line":79,"column":38}},{"start":{"line":80,"column":34},"end":{"line":80,"column":37}}],"line":78}},"s":{"0":2,"1":46,"2":2,"3":2,"4":46,"5":2,"6":2,"7":2,"8":46,"9":72},"f":{"0":46,"1":2,"2":2,"3":72},"b":{"0":[2,0],"1":[2,0],"2":[3,43],"3":[46,22],"4":[46,24],"5":[2,44],"6":[4,42]},"_coverageSchema":"1a1c01bbd47fc00a2c39e90264f33305004495a9","hash":"84bf78907c0d8236df8993e7fd9ccaa27d98028e"}
,"/Users/gavinying/Quizzer/quizzer_start/src/quizzer/QuizView.tsx": {"path":"/Users/gavinying/Quizzer/quizzer_start/src/quizzer/QuizView.tsx","statementMap":{"0":{"start":{"line":8,"column":24},"end":{"line":46,"column":1}},"1":{"start":{"line":19,"column":28},"end":{"line":19,"column":43}},"2":{"start":{"line":21,"column":23},"end":{"line":23,"column":5}},"3":{"start":{"line":22,"column":8},"end":{"line":22,"column":23}},"4":{"start":{"line":25,"column":4},"end":{"line":45,"column":6}}},"fnMap":{"0":{"name":"(anonymous_0)","decl":{"start":{"line":8,"column":24},"end":{"line":8,"column":25}},"loc":{"start":{"line":18,"column":6},"end":{"line":46,"column":1}},"line":18},"1":{"name":"(anonymous_1)","decl":{"start":{"line":21,"column":23},"end":{"line":21,"column":24}},"loc":{"start":{"line":21,"column":29},"end":{"line":23,"column":5}},"line":21}},"branchMap":{"0":{"loc":{"start":{"line":27,"column":13},"end":{"line":35,"column":13}},"type":"binary-expr","locations":[{"start":{"line":27,"column":13},"end":{"line":27,"column":17}},{"start":{"line":28,"column":16},"end":{"line":34,"column":28}}],"line":27},"1":{"loc":{"start":{"line":36,"column":13},"end":{"line":43,"column":13}},"type":"binary-expr","locations":[{"start":{"line":36,"column":13},"end":{"line":36,"column":18}},{"start":{"line":37,"column":16},"end":{"line":42,"column":32}}],"line":36}},"s":{"0":2,"1":24,"2":24,"3":11,"4":24},"f":{"0":24,"1":11},"b":{"0":[24,6],"1":[24,18]},"_coverageSchema":"1a1c01bbd47fc00a2c39e90264f33305004495a9","hash":"f10c2052b559a0024ea87d67a0788962b3d61f00"}
,"/Users/gavinying/Quizzer/quizzer_start/src/quizzer/Quizzer.tsx": {"path":"/Users/gavinying/Quizzer/quizzer_start/src/quizzer/Quizzer.tsx","statementMap":{"0":{"start":{"line":10,"column":16},"end":{"line":21,"column":1}},"1":{"start":{"line":11,"column":21},"end":{"line":20,"column":5}},"2":{"start":{"line":14,"column":30},"end":{"line":18,"column":13}},"3":{"start":{"line":23,"column":23},"end":{"line":113,"column":1}},"4":{"start":{"line":24,"column":34},"end":{"line":24,"column":59}},"5":{"start":{"line":25,"column":44},"end":{"line":25,"column":59}},"6":{"start":{"line":28,"column":8},"end":{"line":30,"column":10}},"7":{"start":{"line":29,"column":44},"end":{"line":29,"column":70}},"8":{"start":{"line":34,"column":8},"end":{"line":39,"column":12}},"9":{"start":{"line":43,"column":8},"end":{"line":43,"column":71}},"10":{"start":{"line":43,"column":56},"end":{"line":43,"column":68}},"11":{"start":{"line":46,"column":28},"end":{"line":46,"column":55}},"12":{"start":{"line":46,"column":34},"end":{"line":46,"column":55}},"13":{"start":{"line":47,"column":29},"end":{"line":47,"column":57}},"14":{"start":{"line":47,"column":35},"end":{"line":47,"column":57}},"15":{"start":{"line":49,"column":4},"end":{"line":112,"column":6}}},"fnMap":{"0":{"name":"(anonymous_0)","decl":{"start":{"line":11,"column":4},"end":{"line":11,"column":5}},"loc":{"start":{"line":11,"column":21},"end":{"line":20,"column":5}},"line":11},"1":{"name":"(anonymous_1)","decl":{"start":{"line":14,"column":12},"end":{"line":14,"column":13}},"loc":{"start":{"line":14,"column":30},"end":{"line":18,"column":13}},"line":14},"2":{"name":"(anonymous_2)","decl":{"start":{"line":23,"column":23},"end":{"line":23,"column":24}},"loc":{"start":{"line":23,"column":29},"end":{"line":113,"column":1}},"line":23},"3":{"name":"editQuiz","decl":{"start":{"line":27,"column":13},"end":{"line":27,"column":21}},"loc":{"start":{"line":27,"column":50},"end":{"line":31,"column":5}},"line":27},"4":{"name":"(anonymous_4)","decl":{"start":{"line":29,"column":24},"end":{"line":29,"column":25}},"loc":{"start":{"line":29,"column":44},"end":{"line":29,"column":70}},"line":29},"5":{"name":"addQuiz","decl":{"start":{"line":33,"column":13},"end":{"line":33,"column":20}},"loc":{"start":{"line":33,"column":50},"end":{"line":40,"column":5}},"line":33},"6":{"name":"deleteQuiz","decl":{"start":{"line":42,"column":13},"end":{"line":42,"column":23}},"loc":{"start":{"line":42,"column":37},"end":{"line":44,"column":5}},"line":42},"7":{"name":"(anonymous_7)","decl":{"start":{"line":43,"column":34},"end":{"line":43,"column":35}},"loc":{"start":{"line":43,"column":56},"end":{"line":43,"column":68}},"line":43},"8":{"name":"(anonymous_8)","decl":{"start":{"line":46,"column":28},"end":{"line":46,"column":29}},"loc":{"start":{"line":46,"column":34},"end":{"line":46,"column":55}},"line":46},"9":{"name":"(anonymous_9)","decl":{"start":{"line":47,"column":29},"end":{"line":47,"column":30}},"loc":{"start":{"line":47,"column":35},"end":{"line":47,"column":57}},"line":47}},"branchMap":{"0":{"loc":{"start":{"line":29,"column":44},"end":{"line":29,"column":70}},"type":"cond-expr","locations":[{"start":{"line":29,"column":59},"end":{"line":29,"column":66}},{"start":{"line":29,"column":69},"end":{"line":29,"column":70}}],"line":29}},"s":{"0":2,"1":10,"2":40,"3":2,"4":32,"5":32,"6":14,"7":70,"8":1,"9":1,"10":5,"11":32,"12":1,"13":32,"14":1,"15":32},"f":{"0":10,"1":40,"2":32,"3":14,"4":70,"5":1,"6":1,"7":5,"8":1,"9":1},"b":{"0":[14,56]},"_coverageSchema":"1a1c01bbd47fc00a2c39e90264f33305004495a9","hash":"05eea9a14b779d127fcff35972fe751995b11bdd"}
}
