TN:
SF:src/App.tsx
FN:7,App
FN:15,(anonymous_1)
FNF:2
FNH:1
FNDA:1,App
FNDA:0,(anonymous_1)
DA:8,1
DA:10,1
DA:16,0
LF:3
LH:2
BRDA:19,0,0,1
BRDA:19,0,1,0
BRDA:22,1,0,1
BRDA:22,1,1,0
BRF:4
BRH:2
end_of_record
TN:
SF:src/interfaces/question.ts
FNF:0
FNH:0
LF:0
LH:0
BRF:0
BRH:0
end_of_record
TN:
SF:src/interfaces/quiz.ts
FNF:0
FNH:0
LF:0
LH:0
BRF:0
BRH:0
end_of_record
TN:
SF:src/quizzer/AddQuizModal.tsx
FN:4,(anonymous_0)
FN:16,(anonymous_1)
FN:34,(anonymous_2)
FN:43,(anonymous_3)
FN:52,(anonymous_4)
FNF:5
FNH:2
FNDA:32,(anonymous_0)
FNDA:1,(anonymous_1)
FNDA:0,(anonymous_2)
FNDA:0,(anonymous_3)
FNDA:0,(anonymous_4)
DA:4,2
DA:13,32
DA:14,32
DA:16,32
DA:17,1
DA:18,1
DA:19,1
DA:20,1
DA:23,32
DA:36,0
DA:45,0
DA:53,0
DA:54,0
DA:55,0
LF:14
LH:9
BRF:0
BRH:0
end_of_record
TN:
SF:src/quizzer/QuestionEdit.tsx
FN:7,(anonymous_0)
FN:23,(anonymous_1)
FN:26,(anonymous_2)
FN:38,(anonymous_3)
FN:47,(anonymous_4)
FN:55,(anonymous_5)
FN:69,(anonymous_6)
FN:74,(anonymous_7)
FN:87,(anonymous_8)
FN:110,(anonymous_9)
FN:183,(anonymous_10)
FN:198,(anonymous_11)
FN:217,(anonymous_12)
FN:237,(anonymous_13)
FN:246,(anonymous_14)
FN:262,(anonymous_15)
FN:271,(anonymous_16)
FNF:17
FNH:7
FNDA:54,(anonymous_0)
FNDA:53,(anonymous_1)
FNDA:0,(anonymous_2)
FNDA:1,(anonymous_3)
FNDA:0,(anonymous_4)
FNDA:1,(anonymous_5)
FNDA:0,(anonymous_6)
FNDA:0,(anonymous_7)
FNDA:0,(anonymous_8)
FNDA:0,(anonymous_9)
FNDA:0,(anonymous_10)
FNDA:81,(anonymous_11)
FNDA:0,(anonymous_12)
FNDA:2,(anonymous_13)
FNDA:0,(anonymous_14)
FNDA:1,(anonymous_15)
FNDA:0,(anonymous_16)
DA:7,2
DA:22,54
DA:23,53
DA:26,54
DA:27,0
DA:29,0
DA:30,0
DA:38,54
DA:39,1
DA:40,1
DA:47,54
DA:48,0
DA:49,0
DA:55,54
DA:56,1
DA:57,1
DA:61,0
DA:62,1
DA:66,1
DA:69,54
DA:70,0
DA:71,0
DA:74,54
DA:78,0
DA:79,0
DA:80,0
DA:87,54
DA:88,0
DA:89,0
DA:90,0
DA:96,54
DA:113,0
DA:186,0
DA:199,81
DA:220,0
DA:238,2
DA:247,0
DA:263,1
DA:272,0
LF:39
LH:20
BRDA:29,0,0,0
BRDA:29,0,1,0
BRDA:57,1,0,0
BRDA:57,1,1,1
BRDA:58,2,0,1
BRDA:58,2,1,0
BRDA:62,3,0,1
BRDA:62,3,1,0
BRDA:63,4,0,1
BRDA:63,4,1,1
BRDA:83,5,0,0
BRDA:83,5,1,0
BRDA:132,6,0,13
BRDA:132,6,1,41
BRDA:163,7,0,54
BRDA:163,7,1,27
BRDA:178,8,0,54
BRDA:178,8,1,27
BRDA:194,9,0,54
BRDA:194,9,1,27
BRF:20
BRH:13
end_of_record
TN:
SF:src/quizzer/QuizCard.tsx
FN:7,(anonymous_0)
FN:15,(anonymous_1)
FN:24,(anonymous_2)
FNF:3
FNH:3
FNDA:90,(anonymous_0)
FNDA:356,(anonymous_1)
FNDA:10,(anonymous_2)
DA:7,2
DA:14,90
DA:16,356
DA:19,90
DA:25,10
LF:5
LH:5
BRDA:16,0,0,356
BRDA:16,0,1,302
BRDA:16,0,2,160
BRDA:32,1,0,90
BRDA:32,1,1,0
BRF:5
BRH:4
end_of_record
TN:
SF:src/quizzer/QuizEdit.tsx
FN:9,(anonymous_0)
FN:24,(anonymous_1)
FN:28,(anonymous_2)
FN:34,(anonymous_3)
FN:38,(anonymous_4)
FN:43,(anonymous_5)
FN:47,(anonymous_6)
FN:51,(anonymous_7)
FN:69,(anonymous_8)
FN:86,(anonymous_9)
FN:101,(anonymous_10)
FN:109,(anonymous_11)
FN:125,(anonymous_12)
FN:151,(anonymous_13)
FN:164,(anonymous_14)
FNF:15
FNH:11
FNDA:13,(anonymous_0)
FNDA:2,(anonymous_1)
FNDA:8,(anonymous_2)
FNDA:0,(anonymous_3)
FNDA:0,(anonymous_4)
FNDA:5,(anonymous_5)
FNDA:2,(anonymous_6)
FNDA:8,(anonymous_7)
FNDA:0,(anonymous_8)
FNDA:2,(anonymous_9)
FNDA:0,(anonymous_10)
FNDA:54,(anonymous_11)
FNDA:1,(anonymous_12)
FNDA:5,(anonymous_13)
FNDA:1,(anonymous_14)
DA:9,2
DA:22,13
DA:24,13
DA:25,2
DA:29,8
DA:34,13
DA:35,0
DA:38,0
DA:43,13
DA:44,5
DA:47,13
DA:48,2
DA:52,8
DA:53,6
DA:54,4
DA:60,13
DA:72,0
DA:89,2
DA:102,0
DA:110,54
DA:126,1
DA:152,5
DA:153,5
DA:165,1
DA:166,1
LF:25
LH:21
BRDA:29,0,0,6
BRDA:29,0,1,2
BRDA:52,1,0,2
BRDA:52,1,1,6
BRDA:53,2,0,2
BRDA:53,2,1,4
BRF:6
BRH:6
end_of_record
TN:
SF:src/quizzer/QuizExpanded.tsx
FN:9,(anonymous_0)
FN:21,(anonymous_1)
FN:30,(anonymous_2)
FN:37,(anonymous_3)
FN:41,(anonymous_4)
FN:42,(anonymous_5)
FN:45,(anonymous_6)
FN:50,(anonymous_7)
FN:57,(anonymous_8)
FN:61,(anonymous_9)
FN:83,(anonymous_10)
FN:100,(anonymous_11)
FNF:12
FNH:12
FNDA:20,(anonymous_0)
FNDA:81,(anonymous_1)
FNDA:2,(anonymous_2)
FNDA:46,(anonymous_3)
FNDA:2,(anonymous_4)
FNDA:2,(anonymous_5)
FNDA:7,(anonymous_6)
FNDA:28,(anonymous_7)
FNDA:2,(anonymous_8)
FNDA:8,(anonymous_9)
FNDA:6,(anonymous_10)
FNDA:46,(anonymous_11)
DA:9,2
DA:20,20
DA:22,81
DA:25,20
DA:26,20
DA:30,20
DA:31,2
DA:32,2
DA:33,2
DA:36,20
DA:37,46
DA:41,20
DA:42,2
DA:45,20
DA:46,7
DA:47,7
DA:50,28
DA:54,7
DA:57,20
DA:58,2
DA:62,8
DA:69,20
DA:84,6
DA:85,6
DA:101,46
LF:25
LH:25
BRDA:22,0,0,81
BRDA:22,0,1,72
BRDA:22,0,2,44
BRDA:62,1,0,2
BRDA:62,1,1,6
BRDA:76,2,0,20
BRDA:76,2,1,0
BRF:7
BRH:6
end_of_record
TN:
SF:src/quizzer/QuizList.tsx
FN:8,(anonymous_0)
FN:21,(anonymous_1)
FN:25,(anonymous_2)
FN:33,(anonymous_3)
FN:45,(anonymous_4)
FNF:5
FNH:5
FNDA:42,(anonymous_0)
FNDA:10,(anonymous_1)
FNDA:1,(anonymous_2)
FNDA:90,(anonymous_3)
FNDA:210,(anonymous_4)
DA:8,2
DA:19,42
DA:21,42
DA:22,10
DA:25,42
DA:26,1
DA:29,42
DA:34,90
DA:46,210
DA:47,24
LF:10
LH:10
BRDA:31,0,0,42
BRDA:31,0,1,18
BRDA:46,1,0,24
BRDA:46,1,1,186
BRF:4
BRH:4
end_of_record
TN:
SF:src/quizzer/QuizQuestion.tsx
FN:8,(anonymous_0)
FN:23,(anonymous_1)
FN:29,(anonymous_2)
FN:62,(anonymous_3)
FNF:4
FNH:4
FNDA:46,(anonymous_0)
FNDA:2,(anonymous_1)
FNDA:2,(anonymous_2)
FNDA:72,(anonymous_3)
DA:8,2
DA:23,46
DA:24,2
DA:25,2
DA:29,46
DA:30,2
DA:31,2
DA:32,2
DA:36,46
DA:63,72
LF:10
LH:10
BRDA:24,0,0,2
BRDA:24,0,1,0
BRDA:31,1,0,2
BRDA:31,1,1,0
BRDA:45,2,0,3
BRDA:45,2,1,43
BRDA:50,3,0,46
BRDA:50,3,1,22
BRDA:59,4,0,46
BRDA:59,4,1,24
BRDA:77,5,0,2
BRDA:77,5,1,44
BRDA:78,6,0,4
BRDA:78,6,1,42
BRF:14
BRH:12
end_of_record
TN:
SF:src/quizzer/QuizView.tsx
FN:8,(anonymous_0)
FN:21,(anonymous_1)
FNF:2
FNH:2
FNDA:24,(anonymous_0)
FNDA:11,(anonymous_1)
DA:8,2
DA:19,24
DA:21,24
DA:22,11
DA:25,24
LF:5
LH:5
BRDA:27,0,0,24
BRDA:27,0,1,6
BRDA:36,1,0,24
BRDA:36,1,1,18
BRF:4
BRH:4
end_of_record
TN:
SF:src/quizzer/Quizzer.tsx
FN:11,(anonymous_0)
FN:14,(anonymous_1)
FN:23,(anonymous_2)
FN:27,editQuiz
FN:29,(anonymous_4)
FN:33,addQuiz
FN:42,deleteQuiz
FN:43,(anonymous_7)
FN:46,(anonymous_8)
FN:47,(anonymous_9)
FNF:10
FNH:10
FNDA:10,(anonymous_0)
FNDA:40,(anonymous_1)
FNDA:32,(anonymous_2)
FNDA:14,editQuiz
FNDA:70,(anonymous_4)
FNDA:1,addQuiz
FNDA:1,deleteQuiz
FNDA:5,(anonymous_7)
FNDA:1,(anonymous_8)
FNDA:1,(anonymous_9)
DA:10,2
DA:11,10
DA:14,40
DA:23,2
DA:24,32
DA:25,32
DA:28,14
DA:29,70
DA:34,1
DA:43,5
DA:46,32
DA:47,32
DA:49,32
LF:13
LH:13
BRDA:29,0,0,14
BRDA:29,0,1,56
BRF:2
BRH:2
end_of_record
