TN:
SF:src/App.tsx
FN:7,App
FN:15,(anonymous_1)
FNF:2
FNH:1
FNDA:1,App
FNDA:0,(anonymous_1)
DA:8,1
DA:10,1
DA:16,0
LF:3
LH:2
BRDA:19,0,0,1
BRDA:19,0,1,0
BRDA:22,1,0,1
BRDA:22,1,1,0
BRF:4
BRH:2
end_of_record
TN:
SF:src/interfaces/question.ts
FNF:0
FNH:0
LF:0
LH:0
BRF:0
BRH:0
end_of_record
TN:
SF:src/interfaces/quiz.ts
FNF:0
FNH:0
LF:0
LH:0
BRF:0
BRH:0
end_of_record
TN:
SF:src/quizzer/AddQuizModal.tsx
FN:4,(anonymous_0)
FN:16,(anonymous_1)
FN:34,(anonymous_2)
FN:43,(anonymous_3)
FN:52,(anonymous_4)
FNF:5
FNH:2
FNDA:25,(anonymous_0)
FNDA:1,(anonymous_1)
FNDA:0,(anonymous_2)
FNDA:0,(anonymous_3)
FNDA:0,(anonymous_4)
DA:4,2
DA:13,25
DA:14,25
DA:16,25
DA:17,1
DA:18,0
DA:19,0
DA:20,0
DA:23,25
DA:36,0
DA:45,0
DA:53,0
DA:54,0
DA:55,0
LF:14
LH:6
BRF:0
BRH:0
end_of_record
TN:
SF:src/quizzer/QuestionEdit.tsx
FN:7,(anonymous_0)
FN:23,(anonymous_1)
FN:26,(anonymous_2)
FN:38,(anonymous_3)
FN:47,(anonymous_4)
FN:55,(anonymous_5)
FN:69,(anonymous_6)
FN:74,(anonymous_7)
FN:87,(anonymous_8)
FN:110,(anonymous_9)
FN:183,(anonymous_10)
FN:198,(anonymous_11)
FN:217,(anonymous_12)
FN:237,(anonymous_13)
FN:246,(anonymous_14)
FN:262,(anonymous_15)
FN:271,(anonymous_16)
FNF:17
FNH:0
FNDA:0,(anonymous_0)
FNDA:0,(anonymous_1)
FNDA:0,(anonymous_2)
FNDA:0,(anonymous_3)
FNDA:0,(anonymous_4)
FNDA:0,(anonymous_5)
FNDA:0,(anonymous_6)
FNDA:0,(anonymous_7)
FNDA:0,(anonymous_8)
FNDA:0,(anonymous_9)
FNDA:0,(anonymous_10)
FNDA:0,(anonymous_11)
FNDA:0,(anonymous_12)
FNDA:0,(anonymous_13)
FNDA:0,(anonymous_14)
FNDA:0,(anonymous_15)
FNDA:0,(anonymous_16)
DA:7,2
DA:22,0
DA:23,0
DA:26,0
DA:27,0
DA:29,0
DA:30,0
DA:38,0
DA:39,0
DA:40,0
DA:47,0
DA:48,0
DA:49,0
DA:55,0
DA:56,0
DA:57,0
DA:61,0
DA:62,0
DA:66,0
DA:69,0
DA:70,0
DA:71,0
DA:74,0
DA:78,0
DA:79,0
DA:80,0
DA:87,0
DA:88,0
DA:89,0
DA:90,0
DA:96,0
DA:113,0
DA:186,0
DA:199,0
DA:220,0
DA:238,0
DA:247,0
DA:263,0
DA:272,0
LF:39
LH:1
BRDA:29,0,0,0
BRDA:29,0,1,0
BRDA:57,1,0,0
BRDA:57,1,1,0
BRDA:58,2,0,0
BRDA:58,2,1,0
BRDA:62,3,0,0
BRDA:62,3,1,0
BRDA:63,4,0,0
BRDA:63,4,1,0
BRDA:83,5,0,0
BRDA:83,5,1,0
BRDA:132,6,0,0
BRDA:132,6,1,0
BRDA:163,7,0,0
BRDA:163,7,1,0
BRDA:178,8,0,0
BRDA:178,8,1,0
BRDA:194,9,0,0
BRDA:194,9,1,0
BRF:20
BRH:0
end_of_record
TN:
SF:src/quizzer/QuizCard.tsx
FN:7,(anonymous_0)
FN:15,(anonymous_1)
FN:24,(anonymous_2)
FNF:3
FNH:3
FNDA:80,(anonymous_0)
FNDA:320,(anonymous_1)
FNDA:10,(anonymous_2)
DA:7,2
DA:14,80
DA:16,320
DA:19,80
DA:25,10
LF:5
LH:5
BRDA:16,0,0,320
BRDA:16,0,1,272
BRDA:16,0,2,144
BRDA:32,1,0,80
BRDA:32,1,1,0
BRF:5
BRH:4
end_of_record
TN:
SF:src/quizzer/QuizEdit.tsx
FN:9,(anonymous_0)
FN:24,(anonymous_1)
FN:28,(anonymous_2)
FN:34,(anonymous_3)
FN:38,(anonymous_4)
FN:43,(anonymous_5)
FN:47,(anonymous_6)
FN:51,(anonymous_7)
FN:69,(anonymous_8)
FN:86,(anonymous_9)
FN:101,(anonymous_10)
FN:109,(anonymous_11)
FN:125,(anonymous_12)
FN:151,(anonymous_13)
FN:164,(anonymous_14)
FNF:15
FNH:0
FNDA:0,(anonymous_0)
FNDA:0,(anonymous_1)
FNDA:0,(anonymous_2)
FNDA:0,(anonymous_3)
FNDA:0,(anonymous_4)
FNDA:0,(anonymous_5)
FNDA:0,(anonymous_6)
FNDA:0,(anonymous_7)
FNDA:0,(anonymous_8)
FNDA:0,(anonymous_9)
FNDA:0,(anonymous_10)
FNDA:0,(anonymous_11)
FNDA:0,(anonymous_12)
FNDA:0,(anonymous_13)
FNDA:0,(anonymous_14)
DA:9,2
DA:22,0
DA:24,0
DA:25,0
DA:29,0
DA:34,0
DA:35,0
DA:38,0
DA:43,0
DA:44,0
DA:47,0
DA:48,0
DA:52,0
DA:53,0
DA:54,0
DA:60,0
DA:72,0
DA:89,0
DA:102,0
DA:110,0
DA:126,0
DA:152,0
DA:153,0
DA:165,0
DA:166,0
LF:25
LH:1
BRDA:29,0,0,0
BRDA:29,0,1,0
BRDA:52,1,0,0
BRDA:52,1,1,0
BRDA:53,2,0,0
BRDA:53,2,1,0
BRF:6
BRH:0
end_of_record
TN:
SF:src/quizzer/QuizExpanded.tsx
FN:9,(anonymous_0)
FN:21,(anonymous_1)
FN:30,(anonymous_2)
FN:37,(anonymous_3)
FN:41,(anonymous_4)
FN:42,(anonymous_5)
FN:45,(anonymous_6)
FN:50,(anonymous_7)
FN:57,(anonymous_8)
FN:61,(anonymous_9)
FN:83,(anonymous_10)
FN:100,(anonymous_11)
FNF:12
FNH:12
FNDA:21,(anonymous_0)
FNDA:84,(anonymous_1)
FNDA:2,(anonymous_2)
FNDA:42,(anonymous_3)
FNDA:2,(anonymous_4)
FNDA:2,(anonymous_5)
FNDA:7,(anonymous_6)
FNDA:28,(anonymous_7)
FNDA:2,(anonymous_8)
FNDA:8,(anonymous_9)
FNDA:6,(anonymous_10)
FNDA:42,(anonymous_11)
DA:9,2
DA:20,21
DA:22,84
DA:25,21
DA:26,21
DA:30,21
DA:31,2
DA:32,2
DA:33,2
DA:36,21
DA:37,42
DA:41,21
DA:42,2
DA:45,21
DA:46,7
DA:47,7
DA:50,28
DA:54,7
DA:57,21
DA:58,2
DA:62,8
DA:69,21
DA:84,6
DA:85,6
DA:101,42
LF:25
LH:25
BRDA:22,0,0,84
BRDA:22,0,1,84
BRDA:22,0,2,42
BRDA:62,1,0,2
BRDA:62,1,1,6
BRDA:76,2,0,21
BRDA:76,2,1,0
BRF:7
BRH:6
end_of_record
TN:
SF:src/quizzer/QuizList.tsx
FN:8,(anonymous_0)
FN:21,(anonymous_1)
FN:25,(anonymous_2)
FN:33,(anonymous_3)
FN:45,(anonymous_4)
FNF:5
FNH:4
FNDA:35,(anonymous_0)
FNDA:10,(anonymous_1)
FNDA:0,(anonymous_2)
FNDA:80,(anonymous_3)
FNDA:175,(anonymous_4)
DA:8,2
DA:19,35
DA:21,35
DA:22,10
DA:25,35
DA:26,0
DA:29,35
DA:34,80
DA:46,175
DA:47,19
LF:10
LH:9
BRDA:31,0,0,35
BRDA:31,0,1,16
BRDA:46,1,0,19
BRDA:46,1,1,156
BRF:4
BRH:4
end_of_record
TN:
SF:src/quizzer/QuizQuestion.tsx
FN:8,(anonymous_0)
FN:23,(anonymous_1)
FN:29,(anonymous_2)
FN:62,(anonymous_3)
FNF:4
FNH:4
FNDA:42,(anonymous_0)
FNDA:2,(anonymous_1)
FNDA:2,(anonymous_2)
FNDA:63,(anonymous_3)
DA:8,2
DA:23,42
DA:24,2
DA:25,2
DA:29,42
DA:30,2
DA:31,2
DA:32,2
DA:36,42
DA:63,63
LF:10
LH:10
BRDA:24,0,0,2
BRDA:24,0,1,0
BRDA:31,1,0,2
BRDA:31,1,1,0
BRDA:45,2,0,0
BRDA:45,2,1,42
BRDA:50,3,0,42
BRDA:50,3,1,21
BRDA:59,4,0,42
BRDA:59,4,1,21
BRDA:77,5,0,2
BRDA:77,5,1,40
BRDA:78,6,0,4
BRDA:78,6,1,38
BRF:14
BRH:11
end_of_record
TN:
SF:src/quizzer/QuizView.tsx
FN:8,(anonymous_0)
FN:21,(anonymous_1)
FNF:2
FNH:2
FNDA:19,(anonymous_0)
FNDA:6,(anonymous_1)
DA:8,2
DA:19,19
DA:21,19
DA:22,6
DA:25,19
LF:5
LH:5
BRDA:27,0,0,19
BRDA:27,0,1,0
BRDA:36,1,0,19
BRDA:36,1,1,19
BRF:4
BRH:3
end_of_record
TN:
SF:src/quizzer/Quizzer.tsx
FN:11,(anonymous_0)
FN:14,(anonymous_1)
FN:23,(anonymous_2)
FN:27,editQuiz
FN:29,(anonymous_4)
FN:33,addQuiz
FN:37,deleteQuiz
FN:38,(anonymous_7)
FN:41,(anonymous_8)
FN:42,(anonymous_9)
FNF:10
FNH:7
FNDA:10,(anonymous_0)
FNDA:40,(anonymous_1)
FNDA:25,(anonymous_2)
FNDA:9,editQuiz
FNDA:45,(anonymous_4)
FNDA:1,addQuiz
FNDA:0,deleteQuiz
FNDA:0,(anonymous_7)
FNDA:1,(anonymous_8)
FNDA:0,(anonymous_9)
DA:10,2
DA:11,10
DA:14,40
DA:23,2
DA:24,25
DA:25,25
DA:28,9
DA:29,45
DA:34,1
DA:38,0
DA:41,25
DA:42,25
DA:44,25
LF:13
LH:12
BRDA:29,0,0,9
BRDA:29,0,1,36
BRF:2
BRH:2
end_of_record
